<?xml version="1.0" ?>
<coverage branch-rate="0.5826" branches-covered="134" branches-valid="230" complexity="0" line-rate="0.6655" lines-covered="386" lines-valid="580" timestamp="1641139200563" version="6.2">
	<!-- Generated by coverage.py: https://coverage.readthedocs.io -->
	<!-- Based on https://raw.githubusercontent.com/cobertura/web/master/htdocs/xml/coverage-04.dtd -->
	<sources>
		<source>/home/erik/Repositories/xlsx2sqlite/xlsx2sqlite</source>
	</sources>
	<packages>
		<package branch-rate="0.5826" complexity="0" line-rate="0.669" name=".">
			<classes>
				<class branch-rate="1" complexity="0" filename="__init__.py" line-rate="1" name="__init__.py">
					<methods/>
					<lines>
						<line hits="1" number="3"/>
						<line hits="1" number="5"/>
						<line hits="1" number="6"/>
						<line hits="1" number="7"/>
					</lines>
				</class>
				<class branch-rate="1" complexity="0" filename="__main__.py" line-rate="0" name="__main__.py">
					<methods/>
					<lines>
						<line hits="0" number="2"/>
						<line hits="0" number="5"/>
						<line hits="0" number="6"/>
						<line hits="0" number="9"/>
					</lines>
				</class>
				<class branch-rate="1" complexity="0" filename="__version__.py" line-rate="1" name="__version__.py">
					<methods/>
					<lines>
						<line hits="1" number="1"/>
						<line hits="1" number="3"/>
					</lines>
				</class>
				<class branch-rate="0" complexity="0" filename="cli.py" line-rate="0" name="cli.py">
					<methods/>
					<lines>
						<line hits="0" number="2"/>
						<line hits="0" number="7"/>
						<line hits="0" number="9"/>
						<line hits="0" number="11"/>
						<line hits="0" number="14"/>
						<line hits="0" number="15"/>
						<line hits="0" number="16"/>
						<line hits="0" number="21"/>
						<line hits="0" number="22"/>
						<line hits="0" number="24"/>
						<line hits="0" number="25"/>
						<line hits="0" number="26"/>
						<line hits="0" number="27"/>
						<line branch="true" condition-coverage="0% (0/2)" hits="0" missing-branches="exit,30" number="29"/>
						<line hits="0" number="30"/>
						<line hits="0" number="33"/>
						<line hits="0" number="34"/>
						<line hits="0" number="40"/>
						<line hits="0" number="41"/>
						<line hits="0" number="44"/>
						<line hits="0" number="45"/>
						<line hits="0" number="46"/>
						<line branch="true" condition-coverage="0% (0/2)" hits="0" missing-branches="51,56" number="49"/>
						<line hits="0" number="51"/>
						<line branch="true" condition-coverage="0% (0/2)" hits="0" missing-branches="53,55" number="52"/>
						<line hits="0" number="53"/>
						<line hits="0" number="55"/>
						<line hits="0" number="56"/>
						<line hits="0" number="59"/>
						<line hits="0" number="60"/>
						<line hits="0" number="61"/>
						<line hits="0" number="68"/>
						<line hits="0" number="71"/>
						<line hits="0" number="72"/>
						<line hits="0" number="79"/>
						<line branch="true" condition-coverage="0% (0/2)" hits="0" missing-branches="exit,84" number="80"/>
						<line hits="0" number="84"/>
						<line hits="0" number="87"/>
						<line hits="0" number="88"/>
						<line hits="0" number="89"/>
						<line hits="0" number="95"/>
						<line branch="true" condition-coverage="0% (0/2)" hits="0" missing-branches="exit,97" number="96"/>
						<line hits="0" number="97"/>
						<line hits="0" number="100"/>
						<line hits="0" number="101"/>
						<line hits="0" number="102"/>
						<line hits="0" number="108"/>
						<line hits="0" number="111"/>
						<line branch="true" condition-coverage="0% (0/2)" hits="0" missing-branches="exit,129" number="123"/>
						<line hits="0" number="129"/>
						<line branch="true" condition-coverage="0% (0/2)" hits="0" missing-branches="131,132" number="130"/>
						<line hits="0" number="131"/>
						<line branch="true" condition-coverage="0% (0/2)" hits="0" missing-branches="133,136" number="132"/>
						<line hits="0" number="133"/>
						<line hits="0" number="134"/>
						<line hits="0" number="135"/>
						<line branch="true" condition-coverage="0% (0/2)" hits="0" missing-branches="137,139" number="136"/>
						<line hits="0" number="137"/>
						<line hits="0" number="138"/>
						<line branch="true" condition-coverage="0% (0/2)" hits="0" missing-branches="140,144" number="139"/>
						<line hits="0" number="140"/>
						<line hits="0" number="141"/>
						<line hits="0" number="142"/>
						<line hits="0" number="144"/>
						<line hits="0" number="147"/>
						<line hits="0" number="148"/>
						<line hits="0" number="151"/>
						<line branch="true" condition-coverage="0% (0/2)" hits="0" missing-branches="155,157" number="154"/>
						<line hits="0" number="155"/>
						<line hits="0" number="157"/>
						<line hits="0" number="158"/>
						<line hits="0" number="161"/>
						<line hits="0" number="162"/>
						<line hits="0" number="163"/>
						<line hits="0" number="164"/>
						<line hits="0" number="165"/>
						<line hits="0" number="166"/>
						<line hits="0" number="167"/>
					</lines>
				</class>
				<class branch-rate="0.8684" complexity="0" filename="config.py" line-rate="0.8481" name="config.py">
					<methods/>
					<lines>
						<line hits="1" number="2"/>
						<line hits="1" number="4"/>
						<line hits="1" number="6"/>
						<line hits="1" number="7"/>
						<line hits="1" number="8"/>
						<line hits="1" number="9"/>
						<line branch="true" condition-coverage="100% (2/2)" hits="1" number="12"/>
						<line hits="1" number="17"/>
						<line hits="1" number="18"/>
						<line hits="1" number="19"/>
						<line hits="1" number="21"/>
						<line branch="true" condition-coverage="0% (0/2)" hits="0" missing-branches="exit,23" number="22"/>
						<line hits="0" number="23"/>
						<line hits="1" number="25"/>
						<line hits="0" number="26"/>
						<line hits="1" number="28"/>
						<line branch="true" condition-coverage="100% (2/2)" hits="1" number="34"/>
						<line hits="1" number="36"/>
						<line hits="1" number="37"/>
						<line hits="1" number="39"/>
						<line hits="1" number="47"/>
						<line branch="true" condition-coverage="100% (2/2)" hits="1" number="48"/>
						<line hits="1" number="49"/>
						<line branch="true" condition-coverage="100% (2/2)" hits="1" number="51"/>
						<line branch="true" condition-coverage="100% (2/2)" hits="1" number="52"/>
						<line hits="1" number="53"/>
						<line hits="0" number="54"/>
						<line hits="0" number="55"/>
						<line hits="1" number="57"/>
						<line hits="1" number="68"/>
						<line hits="1" number="69"/>
						<line branch="true" condition-coverage="100% (2/2)" hits="1" number="70"/>
						<line branch="true" condition-coverage="100% (2/2)" hits="1" number="75"/>
						<line hits="1" number="78"/>
						<line hits="1" number="80"/>
						<line hits="1" number="84"/>
						<line hits="1" number="86"/>
						<line hits="1" number="88"/>
						<line hits="1" number="89"/>
						<line branch="true" condition-coverage="50% (1/2)" hits="1" missing-branches="exit" number="90"/>
						<line hits="1" number="91"/>
						<line hits="1" number="92"/>
						<line hits="1" number="93"/>
						<line branch="true" condition-coverage="100% (2/2)" hits="1" number="94"/>
						<line hits="1" number="95"/>
						<line hits="0" number="96"/>
						<line hits="0" number="97"/>
						<line branch="true" condition-coverage="100% (2/2)" hits="1" number="100"/>
						<line branch="true" condition-coverage="50% (1/2)" hits="1" missing-branches="102" number="101"/>
						<line hits="0" number="102"/>
						<line hits="1" number="104"/>
						<line hits="1" number="108"/>
						<line branch="true" condition-coverage="50% (1/2)" hits="1" missing-branches="110" number="109"/>
						<line hits="0" number="110"/>
						<line hits="0" number="111"/>
						<line hits="1" number="113"/>
						<line hits="1" number="115"/>
						<line hits="1" number="121"/>
						<line hits="1" number="123"/>
						<line hits="1" number="129"/>
						<line hits="1" number="131"/>
						<line hits="1" number="138"/>
						<line hits="1" number="140"/>
						<line branch="true" condition-coverage="100% (2/2)" hits="1" number="150"/>
						<line hits="1" number="152"/>
						<line branch="true" condition-coverage="100% (2/2)" hits="1" number="159"/>
						<line hits="1" number="161"/>
						<line hits="1" number="169"/>
						<line hits="1" number="170"/>
						<line hits="1" number="171"/>
						<line branch="true" condition-coverage="100% (2/2)" hits="1" number="172"/>
						<line hits="1" number="173"/>
						<line hits="1" number="175"/>
						<line hits="0" number="176"/>
						<line hits="0" number="177"/>
						<line branch="true" condition-coverage="100% (2/2)" hits="1" number="179"/>
						<line branch="true" condition-coverage="100% (2/2)" hits="1" number="180"/>
						<line branch="true" condition-coverage="100% (2/2)" hits="1" number="181"/>
						<line hits="1" number="187"/>
					</lines>
				</class>
				<class branch-rate="1" complexity="0" filename="constraint_factory.py" line-rate="0.9333" name="constraint_factory.py">
					<methods/>
					<lines>
						<line hits="1" number="2"/>
						<line hits="1" number="5"/>
						<line hits="1" number="6"/>
						<line hits="1" number="9"/>
						<line hits="1" number="18"/>
						<line hits="1" number="19"/>
						<line branch="true" condition-coverage="100% (2/2)" hits="1" number="22"/>
						<line hits="1" number="25"/>
						<line hits="1" number="26"/>
						<line hits="1" number="27"/>
						<line hits="1" number="29"/>
						<line hits="0" number="30"/>
						<line hits="1" number="32"/>
						<line hits="1" number="41"/>
						<line branch="true" condition-coverage="100% (2/2)" hits="1" number="42"/>
					</lines>
				</class>
				<class branch-rate="0.5926" complexity="0" filename="controller.py" line-rate="0.7744" name="controller.py">
					<methods/>
					<lines>
						<line hits="1" number="2"/>
						<line hits="1" number="4"/>
						<line hits="1" number="5"/>
						<line hits="1" number="6"/>
						<line hits="1" number="7"/>
						<line hits="1" number="8"/>
						<line hits="1" number="10"/>
						<line hits="1" number="13"/>
						<line hits="1" number="19"/>
						<line hits="1" number="20"/>
						<line branch="true" condition-coverage="100% (2/2)" hits="1" number="23"/>
						<line hits="1" number="25"/>
						<line hits="1" number="27"/>
						<line hits="1" number="28"/>
						<line hits="1" number="29"/>
						<line hits="1" number="30"/>
						<line hits="1" number="31"/>
						<line branch="true" condition-coverage="50% (1/2)" hits="1" missing-branches="exit" number="32"/>
						<line hits="1" number="33"/>
						<line hits="1" number="34"/>
						<line hits="1" number="35"/>
						<line hits="1" number="36"/>
						<line hits="1" number="37"/>
						<line hits="1" number="38"/>
						<line hits="1" number="40"/>
						<line hits="1" number="41"/>
						<line branch="true" condition-coverage="50% (1/2)" hits="1" missing-branches="44" number="43"/>
						<line hits="0" number="44"/>
						<line hits="1" number="46"/>
						<line hits="1" number="47"/>
						<line hits="1" number="49"/>
						<line hits="1" number="51"/>
						<line hits="0" number="52"/>
						<line hits="1" number="54"/>
						<line hits="1" number="61"/>
						<line hits="1" number="63"/>
						<line hits="1" number="65"/>
						<line hits="1" number="67"/>
						<line hits="1" number="69"/>
						<line branch="true" condition-coverage="50% (1/2)" hits="1" missing-branches="80" number="71"/>
						<line branch="true" condition-coverage="100% (2/2)" hits="1" number="73"/>
						<line branch="true" condition-coverage="100% (2/2)" hits="1" number="74"/>
						<line branch="true" condition-coverage="100% (2/2)" hits="1" number="75"/>
						<line hits="1" number="76"/>
						<line hits="0" number="80"/>
						<line hits="1" number="82"/>
						<line hits="1" number="91"/>
						<line branch="true" condition-coverage="100% (2/2)" hits="1" number="92"/>
						<line hits="1" number="93"/>
						<line hits="1" number="95"/>
						<line hits="1" number="96"/>
						<line hits="1" number="98"/>
						<line branch="true" condition-coverage="100% (2/2)" hits="1" number="107"/>
						<line hits="1" number="108"/>
						<line hits="1" number="115"/>
						<line hits="1" number="116"/>
						<line hits="1" number="121"/>
						<line hits="1" number="125"/>
						<line hits="1" number="127"/>
						<line hits="1" number="134"/>
						<line hits="1" number="136"/>
						<line branch="true" condition-coverage="100% (2/2)" hits="1" number="142"/>
						<line branch="true" condition-coverage="50% (1/2)" hits="1" missing-branches="149" number="146"/>
						<line hits="1" number="147"/>
						<line hits="0" number="149"/>
						<line hits="1" number="151"/>
						<line hits="1" number="161"/>
						<line hits="1" number="162"/>
						<line hits="1" number="163"/>
						<line branch="true" condition-coverage="50% (1/2)" hits="1" missing-branches="exit" number="167"/>
						<line hits="1" number="168"/>
						<line hits="1" number="170"/>
						<line hits="1" number="175"/>
						<line hits="1" number="176"/>
						<line hits="1" number="177"/>
						<line branch="true" condition-coverage="100% (2/2)" hits="1" number="178"/>
						<line hits="1" number="185"/>
						<line hits="0" number="190"/>
						<line hits="0" number="191"/>
						<line hits="0" number="195"/>
						<line hits="0" number="196"/>
						<line branch="true" condition-coverage="0% (0/2)" hits="0" missing-branches="198,203" number="197"/>
						<line hits="0" number="198"/>
						<line hits="0" number="199"/>
						<line branch="true" condition-coverage="0% (0/2)" hits="0" missing-branches="201,204" number="200"/>
						<line hits="0" number="201"/>
						<line hits="0" number="203"/>
						<line branch="true" condition-coverage="0% (0/2)" hits="0" missing-branches="exit,205" number="204"/>
						<line hits="0" number="205"/>
						<line branch="true" condition-coverage="0% (0/2)" hits="0" missing-branches="207,209" number="206"/>
						<line hits="0" number="207"/>
						<line branch="true" condition-coverage="0% (0/2)" hits="0" missing-branches="210,212" number="209"/>
						<line hits="0" number="210"/>
						<line hits="0" number="212"/>
						<line hits="0" number="213"/>
						<line branch="true" condition-coverage="0% (0/2)" hits="0" missing-branches="216,223" number="215"/>
						<line branch="true" condition-coverage="0% (0/2)" hits="0" missing-branches="exit,exit" number="216"/>
						<line hits="0" number="223"/>
						<line hits="1" number="225"/>
						<line branch="true" condition-coverage="100% (2/2)" hits="1" number="230"/>
						<line branch="true" condition-coverage="100% (2/2)" hits="1" number="234"/>
						<line hits="1" number="235"/>
						<line hits="1" number="237"/>
						<line hits="1" number="242"/>
						<line hits="1" number="243"/>
						<line hits="1" number="245"/>
						<line hits="0" number="251"/>
						<line hits="0" number="252"/>
						<line hits="1" number="254"/>
						<line hits="0" number="259"/>
						<line hits="0" number="260"/>
						<line hits="1" number="262"/>
						<line hits="1" number="270"/>
						<line hits="1" number="271"/>
						<line hits="1" number="272"/>
						<line branch="true" condition-coverage="50% (1/2)" hits="1" missing-branches="275" number="273"/>
						<line hits="1" number="274"/>
						<line hits="1" number="275"/>
						<line branch="true" condition-coverage="50% (1/2)" hits="1" missing-branches="278" number="276"/>
						<line branch="true" condition-coverage="100% (2/2)" hits="1" number="277"/>
						<line hits="1" number="278"/>
						<line hits="1" number="279"/>
						<line hits="1" number="281"/>
						<line hits="1" number="288"/>
						<line hits="1" number="289"/>
						<line branch="true" condition-coverage="50% (1/2)" hits="1" missing-branches="294" number="290"/>
						<line hits="1" number="291"/>
						<line hits="1" number="294"/>
						<line branch="true" condition-coverage="100% (2/2)" hits="1" number="295"/>
						<line hits="1" number="296"/>
						<line hits="1" number="297"/>
						<line hits="1" number="299"/>
						<line hits="0" number="301"/>
					</lines>
				</class>
				<class branch-rate="0.3182" complexity="0" filename="dataset.py" line-rate="0.5333" name="dataset.py">
					<methods/>
					<lines>
						<line hits="1" number="2"/>
						<line hits="1" number="4"/>
						<line hits="1" number="6"/>
						<line branch="true" condition-coverage="100% (2/2)" hits="1" number="9"/>
						<line hits="1" number="12"/>
						<line hits="1" number="13"/>
						<line hits="1" number="15"/>
						<line hits="1" number="16"/>
						<line hits="1" number="18"/>
						<line hits="1" number="23"/>
						<line hits="1" number="25"/>
						<line branch="true" condition-coverage="100% (2/2)" hits="1" number="26"/>
						<line hits="1" number="27"/>
						<line hits="1" number="28"/>
						<line hits="1" number="30"/>
						<line hits="0" number="31"/>
						<line hits="1" number="33"/>
						<line hits="0" number="42"/>
						<line branch="true" condition-coverage="0% (0/2)" hits="0" missing-branches="exit,44" number="43"/>
						<line branch="true" condition-coverage="0% (0/2)" hits="0" missing-branches="45,52" number="44"/>
						<line hits="0" number="45"/>
						<line branch="true" condition-coverage="0% (0/2)" hits="0" missing-branches="47,52" number="46"/>
						<line hits="0" number="47"/>
						<line branch="true" condition-coverage="0% (0/2)" hits="0" missing-branches="49,51" number="48"/>
						<line hits="0" number="49"/>
						<line hits="0" number="51"/>
						<line hits="0" number="52"/>
						<line hits="0" number="53"/>
						<line hits="1" number="57"/>
						<line hits="1" number="66"/>
						<line branch="true" condition-coverage="100% (2/2)" hits="1" number="67"/>
						<line branch="true" condition-coverage="50% (1/2)" hits="1" missing-branches="69" number="68"/>
						<line hits="0" number="69"/>
						<line branch="true" condition-coverage="0% (0/2)" hits="0" missing-branches="71,76" number="70"/>
						<line hits="0" number="71"/>
						<line branch="true" condition-coverage="0% (0/2)" hits="0" missing-branches="73,75" number="72"/>
						<line hits="0" number="73"/>
						<line hits="0" number="75"/>
						<line hits="1" number="76"/>
						<line hits="1" number="77"/>
						<line hits="1" number="81"/>
						<line hits="0" number="89"/>
						<line hits="0" number="90"/>
						<line hits="1" number="92"/>
						<line branch="true" condition-coverage="0% (0/2)" hits="0" missing-branches="exit,exit" number="98"/>
					</lines>
				</class>
				<class branch-rate="0.6667" complexity="0" filename="db_wrapper.py" line-rate="0.8557" name="db_wrapper.py">
					<methods/>
					<lines>
						<line hits="1" number="2"/>
						<line hits="1" number="3"/>
						<line branch="true" condition-coverage="100% (2/2)" hits="1" number="6"/>
						<line hits="1" number="7"/>
						<line hits="1" number="8"/>
						<line hits="1" number="10"/>
						<line branch="true" condition-coverage="0% (0/2)" hits="0" missing-branches="exit,12" number="11"/>
						<line hits="0" number="12"/>
						<line hits="1" number="14"/>
						<line hits="0" number="15"/>
						<line hits="0" number="16"/>
						<line hits="1" number="18"/>
						<line branch="true" condition-coverage="50% (1/2)" hits="1" missing-branches="20" number="19"/>
						<line branch="true" condition-coverage="0% (0/2)" hits="0" missing-branches="19,21" number="20"/>
						<line hits="0" number="21"/>
						<line branch="true" condition-coverage="100% (2/2)" hits="1" number="24"/>
						<line hits="1" number="34"/>
						<line hits="1" number="44"/>
						<line hits="1" number="45"/>
						<line branch="true" condition-coverage="50% (1/2)" hits="1" missing-branches="49" number="46"/>
						<line hits="1" number="47"/>
						<line hits="0" number="49"/>
						<line hits="1" number="50"/>
						<line hits="1" number="52"/>
						<line hits="1" number="53"/>
						<line hits="1" number="55"/>
						<line branch="true" condition-coverage="100% (2/2)" hits="1" number="56"/>
						<line hits="1" number="57"/>
						<line branch="true" condition-coverage="100% (2/2)" hits="1" number="58"/>
						<line hits="1" number="59"/>
						<line hits="1" number="60"/>
						<line hits="1" number="61"/>
						<line hits="1" number="62"/>
						<line hits="1" number="63"/>
						<line hits="1" number="64"/>
						<line hits="1" number="66"/>
						<line hits="0" number="68"/>
						<line hits="1" number="70"/>
						<line hits="1" number="72"/>
						<line hits="1" number="73"/>
						<line hits="1" number="75"/>
						<line hits="1" number="77"/>
						<line hits="1" number="79"/>
						<line hits="1" number="80"/>
						<line hits="1" number="81"/>
						<line branch="true" condition-coverage="50% (1/2)" hits="1" missing-branches="83" number="82"/>
						<line hits="0" number="83"/>
						<line hits="1" number="84"/>
						<line hits="1" number="86"/>
						<line hits="1" number="87"/>
						<line hits="0" number="88"/>
						<line hits="0" number="89"/>
						<line hits="1" number="91"/>
						<line hits="1" number="105"/>
						<line hits="1" number="106"/>
						<line hits="1" number="110"/>
						<line hits="1" number="112"/>
						<line hits="1" number="127"/>
						<line hits="1" number="128"/>
						<line hits="1" number="132"/>
						<line hits="1" number="134"/>
						<line hits="1" number="152"/>
						<line hits="1" number="153"/>
						<line branch="true" condition-coverage="50% (1/2)" hits="1" missing-branches="exit" number="157"/>
						<line hits="1" number="158"/>
						<line hits="1" number="160"/>
						<line hits="1" number="161"/>
						<line hits="1" number="162"/>
						<line hits="1" number="164"/>
						<line hits="0" number="165"/>
						<line hits="0" number="166"/>
						<line hits="0" number="167"/>
						<line hits="1" number="169"/>
						<line hits="1" number="178"/>
						<line hits="1" number="179"/>
						<line hits="1" number="180"/>
						<line hits="1" number="182"/>
						<line hits="1" number="191"/>
						<line hits="1" number="192"/>
						<line hits="1" number="193"/>
						<line hits="1" number="195"/>
						<line hits="1" number="208"/>
						<line hits="1" number="209"/>
						<line hits="1" number="210"/>
						<line hits="1" number="211"/>
						<line hits="1" number="212"/>
						<line hits="1" number="214"/>
						<line hits="1" number="229"/>
						<line hits="1" number="230"/>
						<line branch="true" condition-coverage="100% (2/2)" hits="1" number="231"/>
						<line hits="1" number="232"/>
						<line branch="true" condition-coverage="100% (2/2)" hits="1" number="233"/>
						<line hits="1" number="234"/>
						<line hits="1" number="235"/>
						<line hits="1" number="236"/>
						<line hits="1" number="237"/>
						<line hits="1" number="238"/>
					</lines>
				</class>
				<class branch-rate="0.75" complexity="0" filename="definitions_factory.py" line-rate="0.8036" name="definitions_factory.py">
					<methods/>
					<lines>
						<line hits="1" number="2"/>
						<line hits="1" number="4"/>
						<line hits="1" number="5"/>
						<line branch="true" condition-coverage="100% (2/2)" hits="1" number="8"/>
						<line hits="1" number="11"/>
						<line hits="1" number="13"/>
						<line hits="1" number="16"/>
						<line branch="true" condition-coverage="50% (1/2)" hits="1" missing-branches="18" number="17"/>
						<line hits="0" number="18"/>
						<line hits="1" number="19"/>
						<line hits="1" number="20"/>
						<line hits="1" number="21"/>
						<line hits="1" number="22"/>
						<line hits="1" number="23"/>
						<line branch="true" condition-coverage="100% (2/2)" hits="1" number="25"/>
						<line branch="true" condition-coverage="50% (1/2)" hits="1" missing-branches="39" number="31"/>
						<line hits="0" number="39"/>
						<line branch="true" condition-coverage="50% (1/2)" hits="1" missing-branches="61" number="40"/>
						<line branch="true" condition-coverage="50% (1/2)" hits="1" missing-branches="58" number="41"/>
						<line branch="true" condition-coverage="100% (2/2)" hits="1" number="43"/>
						<line branch="true" condition-coverage="50% (1/2)" hits="1" missing-branches="47" number="44"/>
						<line hits="1" number="45"/>
						<line hits="0" number="47"/>
						<line hits="1" number="51"/>
						<line hits="0" number="58"/>
						<line branch="true" condition-coverage="100% (2/2)" hits="1" number="61"/>
						<line hits="1" number="62"/>
						<line hits="0" number="67"/>
						<line hits="0" number="68"/>
						<line hits="0" number="69"/>
						<line hits="1" number="71"/>
						<line branch="true" condition-coverage="100% (2/2)" hits="1" number="79"/>
						<line hits="1" number="80"/>
						<line branch="true" condition-coverage="100% (2/2)" hits="1" number="81"/>
						<line hits="1" number="82"/>
						<line branch="true" condition-coverage="100% (2/2)" hits="1" number="83"/>
						<line hits="1" number="84"/>
						<line branch="true" condition-coverage="50% (1/2)" hits="1" missing-branches="87" number="85"/>
						<line hits="1" number="86"/>
						<line branch="true" condition-coverage="0% (0/2)" hits="0" missing-branches="88,90" number="87"/>
						<line hits="0" number="88"/>
						<line hits="0" number="90"/>
						<line hits="1" number="92"/>
						<line branch="true" condition-coverage="100% (2/2)" hits="1" number="99"/>
						<line hits="1" number="102"/>
						<line hits="1" number="104"/>
						<line hits="1" number="110"/>
						<line branch="true" condition-coverage="50% (1/2)" hits="1" missing-branches="113" number="112"/>
						<line hits="0" number="113"/>
						<line branch="true" condition-coverage="100% (2/2)" hits="1" number="114"/>
						<line branch="true" condition-coverage="50% (1/2)" hits="1" missing-branches="120" number="115"/>
						<line branch="true" condition-coverage="100% (2/2)" hits="1" number="116"/>
						<line hits="1" number="120"/>
						<line hits="1" number="122"/>
						<line branch="true" condition-coverage="100% (2/2)" hits="1" number="123"/>
						<line hits="1" number="124"/>
					</lines>
				</class>
				<class branch-rate="1" complexity="0" filename="field_factory.py" line-rate="0.8286" name="field_factory.py">
					<methods/>
					<lines>
						<line hits="1" number="2"/>
						<line hits="1" number="5"/>
						<line hits="1" number="6"/>
						<line hits="1" number="9"/>
						<line hits="1" number="29"/>
						<line hits="1" number="35"/>
						<line branch="true" condition-coverage="100% (2/2)" hits="1" number="38"/>
						<line hits="1" number="41"/>
						<line hits="1" number="42"/>
						<line hits="1" number="43"/>
						<line hits="1" number="45"/>
						<line hits="0" number="46"/>
						<line hits="1" number="48"/>
						<line hits="1" number="54"/>
						<line hits="1" number="55"/>
						<line hits="1" number="56"/>
						<line hits="1" number="58"/>
						<line hits="1" number="65"/>
						<line branch="true" condition-coverage="100% (2/2)" hits="1" number="68"/>
						<line hits="1" number="74"/>
						<line hits="0" number="75"/>
						<line hits="1" number="77"/>
						<line hits="1" number="84"/>
						<line branch="true" condition-coverage="100% (2/2)" hits="1" number="87"/>
						<line hits="1" number="90"/>
						<line hits="0" number="91"/>
						<line hits="0" number="92"/>
						<line branch="true" condition-coverage="100% (2/2)" hits="1" number="95"/>
						<line hits="1" number="98"/>
						<line hits="0" number="99"/>
						<line hits="0" number="100"/>
						<line branch="true" condition-coverage="100% (2/2)" hits="1" number="103"/>
						<line hits="1" number="106"/>
						<line hits="1" number="107"/>
						<line hits="1" number="108"/>
					</lines>
				</class>
				<class branch-rate="0.125" complexity="0" filename="import_export.py" line-rate="0.5172" name="import_export.py">
					<methods/>
					<lines>
						<line hits="1" number="2"/>
						<line hits="1" number="10"/>
						<line hits="1" number="12"/>
						<line hits="1" number="15"/>
						<line hits="0" number="22"/>
						<line hits="0" number="23"/>
						<line hits="0" number="24"/>
						<line branch="true" condition-coverage="0% (0/2)" hits="0" missing-branches="exit,26" number="25"/>
						<line hits="0" number="26"/>
						<line hits="1" number="29"/>
						<line hits="1" number="39"/>
						<line hits="1" number="40"/>
						<line hits="1" number="41"/>
						<line branch="true" condition-coverage="100% (2/2)" hits="1" number="43"/>
						<line hits="1" number="48"/>
						<line hits="1" number="49"/>
						<line hits="1" number="52"/>
						<line hits="1" number="57"/>
						<line hits="1" number="58"/>
						<line hits="1" number="61"/>
						<line hits="0" number="71"/>
						<line branch="true" condition-coverage="0% (0/2)" hits="0" missing-branches="73,76" number="72"/>
						<line branch="true" condition-coverage="0% (0/2)" hits="0" missing-branches="exit,74" number="73"/>
						<line branch="true" condition-coverage="0% (0/2)" hits="0" missing-branches="exit,79" number="74"/>
						<line branch="true" condition-coverage="0% (0/2)" hits="0" missing-branches="exit,77" number="76"/>
						<line branch="true" condition-coverage="0% (0/2)" hits="0" missing-branches="exit,79" number="77"/>
						<line branch="true" condition-coverage="0% (0/2)" hits="0" missing-branches="exit,83" number="79"/>
						<line hits="0" number="83"/>
						<line hits="0" number="84"/>
					</lines>
				</class>
			</classes>
		</package>
		<package branch-rate="1" complexity="0" line-rate="0" name="scripts">
			<classes>
				<class branch-rate="1" complexity="0" filename="scripts/__init__.py" line-rate="1" name="__init__.py">
					<methods/>
					<lines/>
				</class>
				<class branch-rate="1" complexity="0" filename="scripts/console.py" line-rate="0" name="console.py">
					<methods/>
					<lines>
						<line hits="0" number="2"/>
						<line hits="0" number="5"/>
						<line hits="0" number="6"/>
					</lines>
				</class>
			</classes>
		</package>
	</packages>
</coverage>
