<?xml version="1.0" ?>
<coverage branch-rate="0.7767" branches-covered="160" branches-valid="206" complexity="0" line-rate="0.8161" lines-covered="466" lines-valid="571" timestamp="1652042461467" version="6.2">
	<!-- Generated by coverage.py: https://coverage.readthedocs.io -->
	<!-- Based on https://raw.githubusercontent.com/cobertura/web/master/htdocs/xml/coverage-04.dtd -->
	<sources>
		<source>/home/erik/Repositories/xlsx2sqlite/xlsx2sqlite</source>
	</sources>
	<packages>
		<package branch-rate="0.7767" complexity="0" line-rate="0.8204" name=".">
			<classes>
				<class branch-rate="1" complexity="0" filename="__init__.py" line-rate="1" name="__init__.py">
					<methods/>
					<lines>
						<line hits="1" number="3"/>
						<line hits="1" number="5"/>
						<line hits="1" number="6"/>
						<line hits="1" number="7"/>
					</lines>
				</class>
				<class branch-rate="1" complexity="0" filename="__main__.py" line-rate="0" name="__main__.py">
					<methods/>
					<lines>
						<line hits="0" number="2"/>
						<line hits="0" number="5"/>
						<line hits="0" number="6"/>
						<line hits="0" number="9"/>
					</lines>
				</class>
				<class branch-rate="1" complexity="0" filename="__version__.py" line-rate="1" name="__version__.py">
					<methods/>
					<lines>
						<line hits="1" number="2"/>
						<line hits="1" number="4"/>
					</lines>
				</class>
				<class branch-rate="0.3" complexity="0" filename="cli.py" line-rate="0.6585" name="cli.py">
					<methods/>
					<lines>
						<line hits="1" number="2"/>
						<line hits="1" number="7"/>
						<line hits="1" number="9"/>
						<line hits="1" number="12"/>
						<line hits="1" number="13"/>
						<line hits="1" number="14"/>
						<line hits="1" number="19"/>
						<line hits="1" number="20"/>
						<line hits="0" number="21"/>
						<line hits="0" number="22"/>
						<line hits="0" number="23"/>
						<line branch="true" condition-coverage="100% (2/2)" hits="1" number="25"/>
						<line hits="1" number="26"/>
						<line hits="1" number="29"/>
						<line hits="1" number="30"/>
						<line hits="1" number="36"/>
						<line hits="1" number="37"/>
						<line hits="1" number="38"/>
						<line hits="1" number="41"/>
						<line hits="1" number="42"/>
						<line hits="1" number="43"/>
						<line branch="true" condition-coverage="50% (1/2)" hits="1" missing-branches="exit" number="46"/>
						<line hits="1" number="48"/>
						<line hits="1" number="49"/>
						<line branch="true" condition-coverage="50% (1/2)" hits="1" missing-branches="53" number="50"/>
						<line hits="1" number="51"/>
						<line hits="0" number="53"/>
						<line hits="1" number="56"/>
						<line hits="1" number="57"/>
						<line hits="1" number="58"/>
						<line hits="1" number="65"/>
						<line hits="1" number="66"/>
						<line hits="1" number="69"/>
						<line hits="1" number="70"/>
						<line hits="1" number="77"/>
						<line hits="1" number="78"/>
						<line hits="1" number="81"/>
						<line hits="1" number="82"/>
						<line hits="1" number="83"/>
						<line hits="1" number="89"/>
						<line hits="1" number="90"/>
						<line hits="1" number="93"/>
						<line hits="1" number="94"/>
						<line hits="1" number="95"/>
						<line hits="1" number="101"/>
						<line hits="1" number="104"/>
						<line branch="true" condition-coverage="50% (1/2)" hits="1" missing-branches="exit" number="116"/>
						<line hits="1" number="122"/>
						<line hits="0" number="123"/>
						<line branch="true" condition-coverage="0% (0/2)" hits="0" missing-branches="125,126" number="124"/>
						<line hits="0" number="125"/>
						<line branch="true" condition-coverage="0% (0/2)" hits="0" missing-branches="127,130" number="126"/>
						<line hits="0" number="127"/>
						<line hits="0" number="128"/>
						<line hits="0" number="129"/>
						<line branch="true" condition-coverage="0% (0/2)" hits="0" missing-branches="131,133" number="130"/>
						<line hits="0" number="131"/>
						<line hits="0" number="132"/>
						<line branch="true" condition-coverage="0% (0/2)" hits="0" missing-branches="134,138" number="133"/>
						<line hits="0" number="134"/>
						<line hits="0" number="135"/>
						<line hits="0" number="136"/>
						<line hits="0" number="138"/>
						<line hits="1" number="141"/>
						<line hits="1" number="142"/>
						<line hits="1" number="145"/>
						<line branch="true" condition-coverage="50% (1/2)" hits="1" missing-branches="151" number="148"/>
						<line hits="1" number="149"/>
						<line hits="0" number="151"/>
						<line hits="1" number="152"/>
						<line hits="1" number="153"/>
						<line hits="1" number="156"/>
						<line hits="1" number="157"/>
						<line hits="1" number="163"/>
						<line hits="0" number="166"/>
						<line hits="0" number="167"/>
						<line branch="true" condition-coverage="0% (0/2)" hits="0" missing-branches="169,171" number="168"/>
						<line hits="0" number="169"/>
						<line hits="0" number="171"/>
						<line hits="0" number="172"/>
						<line hits="0" number="173"/>
						<line hits="0" number="174"/>
					</lines>
				</class>
				<class branch-rate="0.8684" complexity="0" filename="config.py" line-rate="0.8354" name="config.py">
					<methods/>
					<lines>
						<line hits="1" number="2"/>
						<line hits="1" number="4"/>
						<line hits="1" number="6"/>
						<line hits="1" number="7"/>
						<line hits="1" number="8"/>
						<line hits="1" number="9"/>
						<line branch="true" condition-coverage="100% (2/2)" hits="1" number="12"/>
						<line hits="1" number="17"/>
						<line hits="1" number="18"/>
						<line hits="1" number="19"/>
						<line hits="1" number="21"/>
						<line branch="true" condition-coverage="0% (0/2)" hits="0" missing-branches="exit,23" number="22"/>
						<line hits="0" number="23"/>
						<line hits="1" number="25"/>
						<line hits="0" number="26"/>
						<line hits="1" number="28"/>
						<line branch="true" condition-coverage="100% (2/2)" hits="1" number="34"/>
						<line hits="1" number="36"/>
						<line hits="1" number="37"/>
						<line hits="1" number="39"/>
						<line hits="1" number="47"/>
						<line branch="true" condition-coverage="100% (2/2)" hits="1" number="48"/>
						<line hits="1" number="49"/>
						<line branch="true" condition-coverage="100% (2/2)" hits="1" number="51"/>
						<line branch="true" condition-coverage="100% (2/2)" hits="1" number="52"/>
						<line hits="1" number="53"/>
						<line hits="0" number="54"/>
						<line hits="0" number="55"/>
						<line hits="1" number="57"/>
						<line hits="1" number="68"/>
						<line hits="1" number="69"/>
						<line branch="true" condition-coverage="100% (2/2)" hits="1" number="70"/>
						<line branch="true" condition-coverage="100% (2/2)" hits="1" number="75"/>
						<line hits="1" number="78"/>
						<line hits="1" number="80"/>
						<line hits="1" number="84"/>
						<line hits="1" number="86"/>
						<line hits="1" number="95"/>
						<line hits="1" number="96"/>
						<line branch="true" condition-coverage="50% (1/2)" hits="1" missing-branches="exit" number="97"/>
						<line hits="1" number="98"/>
						<line hits="1" number="99"/>
						<line hits="1" number="100"/>
						<line branch="true" condition-coverage="100% (2/2)" hits="1" number="101"/>
						<line hits="1" number="102"/>
						<line hits="0" number="103"/>
						<line hits="0" number="104"/>
						<line branch="true" condition-coverage="100% (2/2)" hits="1" number="107"/>
						<line branch="true" condition-coverage="50% (1/2)" hits="1" missing-branches="109" number="108"/>
						<line hits="0" number="109"/>
						<line hits="1" number="111"/>
						<line hits="1" number="115"/>
						<line branch="true" condition-coverage="50% (1/2)" hits="1" missing-branches="117" number="116"/>
						<line hits="0" number="117"/>
						<line hits="0" number="118"/>
						<line hits="1" number="120"/>
						<line hits="1" number="122"/>
						<line hits="1" number="128"/>
						<line hits="1" number="130"/>
						<line hits="0" number="136"/>
						<line hits="1" number="138"/>
						<line hits="1" number="145"/>
						<line hits="1" number="147"/>
						<line branch="true" condition-coverage="100% (2/2)" hits="1" number="157"/>
						<line hits="1" number="159"/>
						<line branch="true" condition-coverage="100% (2/2)" hits="1" number="166"/>
						<line hits="1" number="168"/>
						<line hits="1" number="176"/>
						<line hits="1" number="177"/>
						<line hits="1" number="178"/>
						<line branch="true" condition-coverage="100% (2/2)" hits="1" number="179"/>
						<line hits="1" number="180"/>
						<line hits="1" number="182"/>
						<line hits="0" number="183"/>
						<line hits="0" number="184"/>
						<line branch="true" condition-coverage="100% (2/2)" hits="1" number="186"/>
						<line branch="true" condition-coverage="100% (2/2)" hits="1" number="187"/>
						<line branch="true" condition-coverage="100% (2/2)" hits="1" number="188"/>
						<line hits="1" number="194"/>
					</lines>
				</class>
				<class branch-rate="1" complexity="0" filename="constraint_factory.py" line-rate="1" name="constraint_factory.py">
					<methods/>
					<lines>
						<line hits="1" number="2"/>
						<line hits="1" number="5"/>
						<line hits="1" number="14"/>
						<line hits="1" number="15"/>
						<line branch="true" condition-coverage="100% (2/2)" hits="1" number="18"/>
						<line hits="1" number="21"/>
						<line hits="1" number="23"/>
						<line hits="1" number="24"/>
						<line hits="1" number="25"/>
						<line hits="1" number="27"/>
						<line hits="1" number="28"/>
						<line hits="1" number="30"/>
						<line hits="1" number="39"/>
						<line branch="true" condition-coverage="100% (2/2)" hits="1" number="40"/>
					</lines>
				</class>
				<class branch-rate="0.7857" complexity="0" filename="controller.py" line-rate="0.8462" name="controller.py">
					<methods/>
					<lines>
						<line hits="1" number="2"/>
						<line hits="1" number="4"/>
						<line hits="1" number="5"/>
						<line hits="1" number="6"/>
						<line hits="1" number="7"/>
						<line hits="1" number="8"/>
						<line hits="1" number="9"/>
						<line hits="1" number="10"/>
						<line hits="1" number="12"/>
						<line hits="1" number="15"/>
						<line hits="1" number="21"/>
						<line branch="true" condition-coverage="100% (2/2)" hits="1" number="24"/>
						<line hits="1" number="26"/>
						<line hits="1" number="28"/>
						<line hits="1" number="29"/>
						<line hits="1" number="32"/>
						<line hits="1" number="33"/>
						<line hits="1" number="34"/>
						<line hits="1" number="35"/>
						<line branch="true" condition-coverage="50% (1/2)" hits="1" missing-branches="39" number="36"/>
						<line hits="1" number="37"/>
						<line hits="0" number="39"/>
						<line hits="1" number="41"/>
						<line hits="1" number="42"/>
						<line branch="true" condition-coverage="50% (1/2)" hits="1" missing-branches="44" number="43"/>
						<line hits="0" number="44"/>
						<line hits="1" number="46"/>
						<line hits="1" number="47"/>
						<line hits="1" number="49"/>
						<line hits="1" number="51"/>
						<line hits="1" number="58"/>
						<line hits="1" number="59"/>
						<line hits="1" number="60"/>
						<line hits="1" number="62"/>
						<line hits="1" number="63"/>
						<line hits="1" number="64"/>
						<line hits="1" number="65"/>
						<line hits="1" number="66"/>
						<line hits="1" number="68"/>
						<line hits="1" number="69"/>
						<line hits="1" number="71"/>
						<line hits="1" number="73"/>
						<line hits="1" number="75"/>
						<line hits="0" number="76"/>
						<line hits="0" number="77"/>
						<line hits="0" number="78"/>
						<line hits="1" number="80"/>
						<line hits="1" number="89"/>
						<line branch="true" condition-coverage="100% (2/2)" hits="1" number="90"/>
						<line hits="1" number="91"/>
						<line hits="1" number="93"/>
						<line hits="1" number="94"/>
						<line hits="1" number="96"/>
						<line branch="true" condition-coverage="100% (2/2)" hits="1" number="105"/>
						<line hits="1" number="106"/>
						<line branch="true" condition-coverage="50% (1/2)" hits="1" missing-branches="124" number="112"/>
						<line hits="1" number="114"/>
						<line hits="1" number="116"/>
						<line hits="1" number="122"/>
						<line hits="0" number="124"/>
						<line hits="1" number="126"/>
						<line hits="1" number="132"/>
						<line hits="1" number="133"/>
						<line branch="true" condition-coverage="100% (2/2)" hits="1" number="134"/>
						<line hits="1" number="139"/>
						<line hits="1" number="149"/>
						<line hits="1" number="150"/>
						<line hits="1" number="155"/>
						<line hits="1" number="160"/>
						<line hits="1" number="161"/>
						<line branch="true" condition-coverage="100% (2/2)" hits="1" number="162"/>
						<line hits="1" number="169"/>
						<line hits="1" number="174"/>
						<line hits="1" number="175"/>
						<line hits="1" number="179"/>
						<line hits="1" number="180"/>
						<line branch="true" condition-coverage="50% (1/2)" hits="1" missing-branches="187" number="181"/>
						<line hits="1" number="182"/>
						<line hits="1" number="183"/>
						<line branch="true" condition-coverage="50% (1/2)" hits="1" missing-branches="185" number="184"/>
						<line hits="0" number="185"/>
						<line hits="0" number="187"/>
						<line branch="true" condition-coverage="100% (2/2)" hits="1" number="188"/>
						<line hits="1" number="189"/>
						<line branch="true" condition-coverage="50% (1/2)" hits="1" missing-branches="191" number="190"/>
						<line hits="0" number="191"/>
						<line branch="true" condition-coverage="50% (1/2)" hits="1" missing-branches="193" number="192"/>
						<line hits="0" number="193"/>
						<line hits="1" number="195"/>
						<line hits="1" number="196"/>
						<line branch="true" condition-coverage="50% (1/2)" hits="1" missing-branches="206" number="198"/>
						<line branch="true" condition-coverage="100% (2/2)" hits="1" number="199"/>
						<line hits="0" number="206"/>
						<line hits="1" number="208"/>
						<line branch="true" condition-coverage="100% (2/2)" hits="1" number="213"/>
						<line hits="1" number="216"/>
						<line branch="true" condition-coverage="100% (2/2)" hits="1" number="217"/>
						<line hits="1" number="219"/>
						<line hits="0" number="224"/>
						<line hits="0" number="225"/>
						<line hits="1" number="227"/>
						<line hits="0" number="233"/>
						<line hits="0" number="234"/>
						<line hits="1" number="236"/>
						<line branch="true" condition-coverage="50% (1/2)" hits="1" missing-branches="exit" number="237"/>
						<line hits="1" number="238"/>
						<line hits="1" number="239"/>
						<line branch="true" condition-coverage="100% (2/2)" hits="1" number="240"/>
						<line hits="1" number="245"/>
						<line hits="0" number="250"/>
						<line hits="0" number="251"/>
						<line hits="1" number="253"/>
						<line branch="true" condition-coverage="50% (1/2)" hits="1" missing-branches="exit" number="255"/>
						<line hits="1" number="256"/>
						<line hits="1" number="257"/>
						<line branch="true" condition-coverage="100% (2/2)" hits="1" number="258"/>
						<line branch="true" condition-coverage="100% (2/2)" hits="1" number="259"/>
						<line hits="1" number="261"/>
						<line hits="1" number="269"/>
						<line hits="1" number="270"/>
						<line hits="1" number="271"/>
						<line branch="true" condition-coverage="100% (2/2)" hits="1" number="272"/>
						<line hits="1" number="273"/>
						<line hits="1" number="274"/>
						<line branch="true" condition-coverage="100% (2/2)" hits="1" number="275"/>
						<line branch="true" condition-coverage="100% (2/2)" hits="1" number="276"/>
						<line hits="1" number="277"/>
						<line hits="1" number="279"/>
						<line hits="1" number="286"/>
						<line hits="1" number="287"/>
						<line branch="true" condition-coverage="100% (2/2)" hits="1" number="288"/>
						<line hits="1" number="289"/>
						<line hits="1" number="292"/>
						<line branch="true" condition-coverage="100% (2/2)" hits="1" number="293"/>
						<line hits="1" number="294"/>
						<line hits="1" number="295"/>
						<line hits="1" number="297"/>
						<line hits="0" number="299"/>
						<line hits="0" number="300"/>
						<line branch="true" condition-coverage="0% (0/2)" hits="0" missing-branches="exit,302" number="301"/>
						<line hits="0" number="302"/>
						<line hits="1" number="304"/>
						<line hits="0" number="306"/>
					</lines>
				</class>
				<class branch-rate="0.9" complexity="0" filename="dataset.py" line-rate="0.8276" name="dataset.py">
					<methods/>
					<lines>
						<line hits="1" number="2"/>
						<line hits="1" number="4"/>
						<line hits="1" number="6"/>
						<line branch="true" condition-coverage="100% (2/2)" hits="1" number="9"/>
						<line hits="1" number="12"/>
						<line hits="1" number="13"/>
						<line hits="1" number="15"/>
						<line hits="0" number="16"/>
						<line hits="1" number="18"/>
						<line hits="1" number="23"/>
						<line hits="1" number="25"/>
						<line branch="true" condition-coverage="100% (2/2)" hits="1" number="26"/>
						<line hits="1" number="27"/>
						<line hits="1" number="28"/>
						<line hits="1" number="30"/>
						<line hits="0" number="31"/>
						<line hits="1" number="33"/>
						<line hits="1" number="42"/>
						<line branch="true" condition-coverage="100% (2/2)" hits="1" number="43"/>
						<line hits="1" number="44"/>
						<line branch="true" condition-coverage="100% (2/2)" hits="1" number="45"/>
						<line hits="1" number="46"/>
						<line branch="true" condition-coverage="50% (1/2)" hits="1" missing-branches="50" number="47"/>
						<line hits="1" number="48"/>
						<line hits="0" number="50"/>
						<line hits="1" number="51"/>
						<line hits="1" number="52"/>
						<line hits="0" number="55"/>
						<line hits="0" number="56"/>
					</lines>
				</class>
				<class branch-rate="0.8077" complexity="0" filename="db_wrapper.py" line-rate="0.8932" name="db_wrapper.py">
					<methods/>
					<lines>
						<line hits="1" number="2"/>
						<line hits="1" number="3"/>
						<line hits="1" number="4"/>
						<line branch="true" condition-coverage="100% (2/2)" hits="1" number="7"/>
						<line hits="1" number="8"/>
						<line hits="1" number="9"/>
						<line hits="1" number="11"/>
						<line branch="true" condition-coverage="50% (1/2)" hits="1" missing-branches="exit" number="12"/>
						<line hits="1" number="13"/>
						<line hits="1" number="15"/>
						<line hits="0" number="16"/>
						<line hits="0" number="17"/>
						<line hits="1" number="19"/>
						<line branch="true" condition-coverage="100% (2/2)" hits="1" number="20"/>
						<line branch="true" condition-coverage="50% (1/2)" hits="1" missing-branches="20" number="21"/>
						<line hits="1" number="22"/>
						<line branch="true" condition-coverage="100% (2/2)" hits="1" number="25"/>
						<line hits="1" number="35"/>
						<line hits="1" number="45"/>
						<line hits="1" number="46"/>
						<line branch="true" condition-coverage="100% (2/2)" hits="1" number="47"/>
						<line hits="1" number="48"/>
						<line hits="1" number="52"/>
						<line hits="1" number="53"/>
						<line hits="1" number="55"/>
						<line hits="1" number="56"/>
						<line hits="1" number="58"/>
						<line branch="true" condition-coverage="100% (2/2)" hits="1" number="59"/>
						<line hits="1" number="60"/>
						<line hits="1" number="61"/>
						<line hits="0" number="62"/>
						<line hits="0" number="63"/>
						<line branch="true" condition-coverage="100% (2/2)" hits="1" number="64"/>
						<line hits="1" number="65"/>
						<line hits="1" number="67"/>
						<line hits="1" number="69"/>
						<line branch="true" condition-coverage="50% (1/2)" hits="1" missing-branches="72" number="70"/>
						<line hits="1" number="71"/>
						<line hits="1" number="72"/>
						<line hits="1" number="74"/>
						<line hits="1" number="76"/>
						<line hits="1" number="78"/>
						<line hits="1" number="80"/>
						<line hits="1" number="81"/>
						<line hits="1" number="83"/>
						<line hits="1" number="85"/>
						<line hits="1" number="87"/>
						<line hits="0" number="89"/>
						<line hits="1" number="91"/>
						<line hits="1" number="92"/>
						<line hits="1" number="93"/>
						<line branch="true" condition-coverage="50% (1/2)" hits="1" missing-branches="95" number="94"/>
						<line hits="0" number="95"/>
						<line hits="1" number="96"/>
						<line hits="1" number="98"/>
						<line hits="0" number="99"/>
						<line hits="0" number="100"/>
						<line hits="0" number="101"/>
						<line hits="1" number="103"/>
						<line hits="1" number="117"/>
						<line hits="1" number="118"/>
						<line hits="1" number="122"/>
						<line hits="1" number="124"/>
						<line hits="1" number="139"/>
						<line hits="1" number="140"/>
						<line hits="1" number="144"/>
						<line hits="1" number="146"/>
						<line hits="1" number="164"/>
						<line hits="1" number="165"/>
						<line branch="true" condition-coverage="50% (1/2)" hits="1" missing-branches="exit" number="169"/>
						<line hits="1" number="170"/>
						<line hits="1" number="172"/>
						<line hits="1" number="173"/>
						<line hits="1" number="174"/>
						<line hits="1" number="176"/>
						<line hits="1" number="177"/>
						<line hits="0" number="178"/>
						<line hits="0" number="179"/>
						<line hits="1" number="181"/>
						<line hits="1" number="190"/>
						<line hits="1" number="191"/>
						<line hits="1" number="192"/>
						<line hits="1" number="194"/>
						<line hits="1" number="203"/>
						<line hits="1" number="204"/>
						<line hits="1" number="205"/>
						<line hits="1" number="207"/>
						<line hits="1" number="220"/>
						<line hits="1" number="221"/>
						<line hits="1" number="222"/>
						<line hits="1" number="223"/>
						<line hits="1" number="224"/>
						<line hits="1" number="226"/>
						<line hits="1" number="241"/>
						<line hits="1" number="242"/>
						<line branch="true" condition-coverage="100% (2/2)" hits="1" number="243"/>
						<line hits="1" number="244"/>
						<line branch="true" condition-coverage="100% (2/2)" hits="1" number="245"/>
						<line hits="1" number="246"/>
						<line hits="1" number="247"/>
						<line hits="1" number="248"/>
						<line hits="1" number="249"/>
						<line hits="1" number="250"/>
					</lines>
				</class>
				<class branch-rate="0.8409" complexity="0" filename="definitions_factory.py" line-rate="0.8636" name="definitions_factory.py">
					<methods/>
					<lines>
						<line hits="1" number="2"/>
						<line hits="1" number="4"/>
						<line hits="1" number="5"/>
						<line branch="true" condition-coverage="100% (2/2)" hits="1" number="8"/>
						<line hits="1" number="11"/>
						<line hits="1" number="13"/>
						<line hits="1" number="20"/>
						<line branch="true" condition-coverage="50% (1/2)" hits="1" missing-branches="22" number="21"/>
						<line hits="0" number="22"/>
						<line hits="1" number="23"/>
						<line hits="1" number="24"/>
						<line hits="1" number="25"/>
						<line hits="1" number="26"/>
						<line hits="1" number="27"/>
						<line hits="1" number="28"/>
						<line hits="1" number="29"/>
						<line branch="true" condition-coverage="100% (2/2)" hits="1" number="31"/>
						<line branch="true" condition-coverage="100% (2/2)" hits="1" number="37"/>
						<line hits="1" number="45"/>
						<line branch="true" condition-coverage="50% (1/2)" hits="1" missing-branches="72" number="48"/>
						<line branch="true" condition-coverage="50% (1/2)" hits="1" missing-branches="67" number="49"/>
						<line branch="true" condition-coverage="100% (2/2)" hits="1" number="50"/>
						<line branch="true" condition-coverage="50% (1/2)" hits="1" missing-branches="54" number="51"/>
						<line hits="1" number="52"/>
						<line hits="0" number="54"/>
						<line hits="1" number="60"/>
						<line hits="0" number="67"/>
						<line branch="true" condition-coverage="100% (2/2)" hits="1" number="72"/>
						<line hits="1" number="73"/>
						<line hits="0" number="78"/>
						<line hits="0" number="79"/>
						<line hits="0" number="80"/>
						<line hits="1" number="82"/>
						<line branch="true" condition-coverage="100% (2/2)" hits="1" number="90"/>
						<line hits="1" number="91"/>
						<line branch="true" condition-coverage="100% (2/2)" hits="1" number="92"/>
						<line hits="1" number="93"/>
						<line branch="true" condition-coverage="100% (2/2)" hits="1" number="94"/>
						<line hits="1" number="95"/>
						<line branch="true" condition-coverage="50% (1/2)" hits="1" missing-branches="98" number="96"/>
						<line hits="1" number="97"/>
						<line branch="true" condition-coverage="0% (0/2)" hits="0" missing-branches="99,101" number="98"/>
						<line hits="0" number="99"/>
						<line hits="0" number="101"/>
						<line hits="1" number="103"/>
						<line hits="1" number="111"/>
						<line branch="true" condition-coverage="100% (2/2)" hits="1" number="112"/>
						<line hits="1" number="114"/>
						<line branch="true" condition-coverage="100% (2/2)" hits="1" number="116"/>
						<line hits="1" number="117"/>
						<line hits="1" number="119"/>
						<line hits="1" number="121"/>
						<line hits="1" number="122"/>
						<line branch="true" condition-coverage="100% (2/2)" hits="1" number="123"/>
						<line hits="1" number="129"/>
						<line hits="1" number="131"/>
						<line hits="1" number="137"/>
						<line branch="true" condition-coverage="100% (2/2)" hits="1" number="139"/>
						<line hits="1" number="140"/>
						<line branch="true" condition-coverage="100% (2/2)" hits="1" number="141"/>
						<line branch="true" condition-coverage="100% (2/2)" hits="1" number="142"/>
						<line branch="true" condition-coverage="100% (2/2)" hits="1" number="143"/>
						<line hits="1" number="147"/>
						<line hits="1" number="149"/>
						<line branch="true" condition-coverage="100% (2/2)" hits="1" number="150"/>
						<line hits="1" number="151"/>
					</lines>
				</class>
				<class branch-rate="1" complexity="0" filename="field_factory.py" line-rate="0.9474" name="field_factory.py">
					<methods/>
					<lines>
						<line branch="true" condition-coverage="100% (2/2)" hits="1" number="4"/>
						<line hits="1" number="26"/>
						<line hits="1" number="29"/>
						<line hits="1" number="37"/>
						<line hits="1" number="39"/>
						<line hits="1" number="40"/>
						<line hits="1" number="41"/>
						<line hits="1" number="43"/>
						<line hits="0" number="44"/>
						<line hits="1" number="46"/>
						<line hits="1" number="52"/>
						<line hits="1" number="53"/>
						<line hits="1" number="54"/>
						<line hits="1" number="56"/>
						<line hits="1" number="63"/>
						<line hits="1" number="64"/>
						<line branch="true" condition-coverage="100% (2/2)" hits="1" number="65"/>
						<line hits="1" number="66"/>
						<line hits="1" number="67"/>
					</lines>
				</class>
				<class branch-rate="0.5" complexity="0" filename="import_export.py" line-rate="0.7368" name="import_export.py">
					<methods/>
					<lines>
						<line hits="1" number="2"/>
						<line hits="1" number="10"/>
						<line hits="1" number="12"/>
						<line hits="1" number="15"/>
						<line hits="0" number="22"/>
						<line hits="0" number="23"/>
						<line hits="0" number="24"/>
						<line branch="true" condition-coverage="0% (0/2)" hits="0" missing-branches="exit,26" number="25"/>
						<line hits="0" number="26"/>
						<line hits="1" number="29"/>
						<line hits="1" number="39"/>
						<line hits="1" number="40"/>
						<line hits="1" number="41"/>
						<line branch="true" condition-coverage="100% (2/2)" hits="1" number="43"/>
						<line hits="1" number="48"/>
						<line hits="1" number="49"/>
						<line hits="1" number="52"/>
						<line hits="1" number="57"/>
						<line hits="1" number="58"/>
					</lines>
				</class>
				<class branch-rate="1" complexity="0" filename="xlsx2sqlite.py" line-rate="0" name="xlsx2sqlite.py">
					<methods/>
					<lines>
						<line hits="0" number="2"/>
						<line hits="0" number="5"/>
						<line hits="0" number="6"/>
						<line hits="0" number="9"/>
					</lines>
				</class>
			</classes>
		</package>
		<package branch-rate="1" complexity="0" line-rate="0" name="scripts">
			<classes>
				<class branch-rate="1" complexity="0" filename="scripts/__init__.py" line-rate="1" name="__init__.py">
					<methods/>
					<lines/>
				</class>
				<class branch-rate="1" complexity="0" filename="scripts/console.py" line-rate="0" name="console.py">
					<methods/>
					<lines>
						<line hits="0" number="2"/>
						<line hits="0" number="5"/>
						<line hits="0" number="6"/>
					</lines>
				</class>
			</classes>
		</package>
	</packages>
</coverage>
